2025-04-23 00:10:40,192 [INFO] UtilMem:75 - End SaveConfig() Used Memory: 826695120 Bytes (1073741824)
2025-04-23 00:10:40,732 [INFO] UtilMem:75 - End SaveConfig() Used Memory: 573550840 Bytes (1073741824)
2025-04-23 00:10:45,333 [INFO] UtilMem:75 - End SaveConfig() Used Memory: 672639224 Bytes (1073741824)
2025-04-23 00:10:46,362 [INFO] BlockDiagram:2775 - set Specific Code input for plugin: NVIC
2025-04-23 00:10:46,362 [INFO] BlockDiagram:2775 - set Specific Code input for plugin: USART
2025-04-23 00:10:46,363 [INFO] BlockDiagram:2775 - set Specific Code input for plugin: TIM1_8G0
2025-04-23 00:10:46,364 [INFO] BlockDiagram:2775 - set Specific Code input for plugin: TIM1_8G0
2025-04-23 00:10:46,364 [INFO] BlockDiagram:2775 - set Specific Code input for plugin: SYS
2025-04-23 00:10:46,365 [INFO] BlockDiagram:2775 - set Specific Code input for plugin: GPIO
2025-04-23 00:10:46,365 [INFO] BlockDiagram:2775 - set Specific Code input for plugin: ADC
2025-04-23 00:10:46,365 [INFO] BlockDiagram:2775 - set Specific Code input for plugin: RCC
2025-04-23 00:10:46,367 [INFO] CodeGenerator:882 - code generatio: config db path: C:\ST\STM32CubeIDE_1.18.0\STM32CubeIDE\plugins\com.st.stm32cube.common.mx_6.14.0.202502271554\\db\
2025-04-23 00:10:46,771 [INFO] CodeEngine:263 - oldGeneratedFile, T:\PROJECTS_LOCAL\STM32-VCU-Learning\vcu_mk_0\MXTmpFiles\license.tmp_save
2025-04-23 00:10:47,670 [INFO] CodeEngine:287 - Generated code: T:\PROJECTS_LOCAL\STM32-VCU-Learning\vcu_mk_0\MXTmpFiles\license.tmp
2025-04-23 00:10:47,945 [INFO] CodeEngine:263 - oldGeneratedFile, T:\PROJECTS_LOCAL\STM32-VCU-Learning\vcu_mk_0\MXTmpFiles\gpio.tmp_save
2025-04-23 00:10:48,234 [INFO] CodeEngine:287 - Generated code: T:\PROJECTS_LOCAL\STM32-VCU-Learning\vcu_mk_0\MXTmpFiles\gpio.tmp
2025-04-23 00:10:48,955 [INFO] CodeEngine:263 - oldGeneratedFile, T:\PROJECTS_LOCAL\STM32-VCU-Learning\vcu_mk_0\Core\Src\stm32g0xx_it.c_save
2025-04-23 00:10:49,240 [INFO] CodeEngine:287 - Generated code: T:\PROJECTS_LOCAL\STM32-VCU-Learning\vcu_mk_0\Core\Src\stm32g0xx_it.c
2025-04-23 00:10:49,266 [INFO] CodeEngine:263 - oldGeneratedFile, T:\PROJECTS_LOCAL\STM32-VCU-Learning\vcu_mk_0\Core\Inc\stm32g0xx_it.h_save
2025-04-23 00:10:49,449 [INFO] CodeEngine:287 - Generated code: T:\PROJECTS_LOCAL\STM32-VCU-Learning\vcu_mk_0\Core\Inc\stm32g0xx_it.h
2025-04-23 00:10:49,514 [INFO] CodeEngine:263 - oldGeneratedFile, T:\PROJECTS_LOCAL\STM32-VCU-Learning\vcu_mk_0\Core\Src\stm32g0xx_hal_msp.c_save
2025-04-23 00:10:49,829 [INFO] CodeEngine:287 - Generated code: T:\PROJECTS_LOCAL\STM32-VCU-Learning\vcu_mk_0\Core\Src\stm32g0xx_hal_msp.c
2025-04-23 00:10:49,864 [INFO] CodeEngine:263 - oldGeneratedFile, T:\PROJECTS_LOCAL\STM32-VCU-Learning\vcu_mk_0\MXTmpFiles\system.tmp_save
2025-04-23 00:10:50,000 [INFO] CodeEngine:287 - Generated code: T:\PROJECTS_LOCAL\STM32-VCU-Learning\vcu_mk_0\MXTmpFiles\system.tmp
2025-04-23 00:10:50,063 [INFO] CodeEngine:319 - oldGeneratedFile, T:\PROJECTS_LOCAL\STM32-VCU-Learning\vcu_mk_0\Core\Inc\stm32g0xx_hal_conf.h_save
2025-04-23 00:10:50,347 [INFO] CodeEngine:343 - Generated code: T:\PROJECTS_LOCAL\STM32-VCU-Learning\vcu_mk_0\Core\Inc\stm32g0xx_hal_conf.h
2025-04-23 00:10:50,475 [INFO] ApiDbMcu:508 - Load IP Config File for ADC1
2025-04-23 00:10:50,500 [INFO] ApiDbMcu:508 - Load IP Config File for TIM1
2025-04-23 00:10:50,533 [INFO] ApiDbMcu:508 - Load IP Config File for TIM3
2025-04-23 00:10:50,553 [INFO] ApiDbMcu:508 - Load IP Config File for USART2
2025-04-23 00:10:50,558 [INFO] ApiDbMcu:508 - Load IP Config File for RCC
2025-04-23 00:10:50,573 [WARN] IPConfigManager:3747 - IP not found : TIM
2025-04-23 00:10:50,574 [WARN] CodeGenerator:4198 - IP not found : null
2025-04-23 00:10:50,635 [INFO] CodeEngine:263 - oldGeneratedFile, T:\PROJECTS_LOCAL\STM32-VCU-Learning\vcu_mk_0\Core\Inc\main.h_save
2025-04-23 00:10:50,896 [INFO] CodeEngine:287 - Generated code: T:\PROJECTS_LOCAL\STM32-VCU-Learning\vcu_mk_0\Core\Inc\main.h
2025-04-23 00:10:50,934 [INFO] CodeEngine:263 - oldGeneratedFile, T:\PROJECTS_LOCAL\STM32-VCU-Learning\vcu_mk_0\Core\Src\main.c_save
2025-04-23 00:10:51,287 [INFO] CodeEngine:287 - Generated code: T:\PROJECTS_LOCAL\STM32-VCU-Learning\vcu_mk_0\Core\Src\main.c
2025-04-23 00:10:52,208 [INFO] ProjectBuilder:3324 - Time for Copy HAL[1] : 576mS.
2025-04-23 00:10:52,221 [INFO] ProjectBuilder:4912 - Project Generator version: 4.6.0-B36
2025-04-23 00:10:52,394 [INFO] ConfigFileManager:1590 - The Die is : DIE460
2025-04-23 00:10:52,424 [INFO] ApiDbMcu:508 - Load IP Config File for FATFS
2025-04-23 00:10:52,452 [INFO] ApiDbMcu:508 - Load IP Config File for FREERTOS
